<?xml version="1.0" encoding="UTF-8"?>
<!-- Generated by org.testng.reporters.JUnitXMLReporter -->
<testsuite hostname="DESKTOP-KP9A07E" ignored="0" name="Default test(failed)" tests="1" failures="1" timestamp="08 Jul 2019 10:20:37 GMT" time="0.016" errors="0">
  <testcase name="bothwrong" time="0.0" classname="LoginTestCase.BothIncorrect">
    <failure type="org.testng.TestNGException" message="
Parameter &amp;apos;username&amp;apos; is required by @Test on method bothwrong but has not been marked @Optional or defined
in F:\Javaproject\SeleniumProject\test-output\testng-failed.xml">
      <![CDATA[org.testng.TestNGException: 
Parameter 'username' is required by @Test on method bothwrong but has not been marked @Optional or defined
in F:\Javaproject\SeleniumProject\test-output\testng-failed.xml
... Removed 24 stack frames]]>
    </failure>
  </testcase> <!-- bothwrong -->
</testsuite> <!-- Default test(failed) -->
